Build started 6/24/2023 1:56:09 PM.
     1>Project "C:\Users\mashr\OneDrive\Desktop\Spiderman\Spiderman\Spiderman\Spiderman.vcxproj" on node 2 (build target(s)).
     1>InitializeBuildStatus:
         Creating "Release\Spiderman.unsuccessfulbuild" because "AlwaysCreate" was specified.
       ClCompile:
         C:\Program Files (x86)\Microsoft Visual Studio 10.0\VC\bin\CL.exe /c /Zi /nologo /W3 /WX- /O2 /Oi /Oy- /GL /D _MBCS /Gm- /EHsc /MD /GS /Gy /fp:precise /Zc:wchar_t /Zc:forScope /Fo"Release\\" /Fd"Release\vc100.pdb" /Gd /TP /analyze- /errorReport:prompt spido.cpp
         spido.cpp
       Link:
         C:\Program Files (x86)\Microsoft Visual Studio 10.0\VC\bin\link.exe /ERRORREPORT:PROMPT /OUT:"C:\Users\mashr\OneDrive\Desktop\Spiderman\Spiderman\Release\Spiderman.exe" /NOLOGO kernel32.lib user32.lib gdi32.lib winspool.lib comdlg32.lib advapi32.lib shell32.lib ole32.lib oleaut32.lib uuid.lib odbc32.lib odbccp32.lib /MANIFEST /ManifestFile:"Release\Spiderman.exe.intermediate.manifest" /MANIFESTUAC:"level='asInvoker' uiAccess='false'" /DEBUG /PDB:"C:\Users\mashr\OneDrive\Desktop\Spiderman\Spiderman\Release\Spiderman.pdb" /OPT:REF /OPT:ICF /LTCG /TLBID:1 /DYNAMICBASE /NXCOMPAT /IMPLIB:"C:\Users\mashr\OneDrive\Desktop\Spiderman\Spiderman\Release\Spiderman.lib" /MACHINE:X86 Release\spido.obj
         Generating code
         Finished generating code
         Spiderman.vcxproj -> C:\Users\mashr\OneDrive\Desktop\Spiderman\Spiderman\Release\Spiderman.exe
       Manifest:
         C:\Program Files (x86)\Microsoft SDKs\Windows\v7.0A\bin\mt.exe /nologo /verbose /outputresource:"C:\Users\mashr\OneDrive\Desktop\Spiderman\Spiderman\Release\Spiderman.exe;#1" /manifest Release\Spiderman.exe.intermediate.manifest
       FinalizeBuildStatus:
         Deleting file "Release\Spiderman.unsuccessfulbuild".
         Touching "Release\Spiderman.lastbuildstate".
     1>Done Building Project "C:\Users\mashr\OneDrive\Desktop\Spiderman\Spiderman\Spiderman\Spiderman.vcxproj" (build target(s)).

Build succeeded.

Time Elapsed 00:00:01.59
